<?xml version="1.0" encoding="UTF-8"?>
<testsuite name="goodman.controllers.UserControllerTest" tests="7" skipped="0" failures="0" errors="0" timestamp="2023-03-10T01:33:19" hostname="HEISENBERG" time="0.038">
  <properties/>
  <testcase name="testTakingBookWhichIsInLibrary()" classname="goodman.controllers.UserControllerTest" time="0.024"/>
  <testcase name="testTwoSameBooksInLibrary()" classname="goodman.controllers.UserControllerTest" time="0.001"/>
  <testcase name="testTakingBooksMoreThanWeCan()" classname="goodman.controllers.UserControllerTest" time="0.003"/>
  <testcase name="testAddBooksToEmptyLibrary()" classname="goodman.controllers.UserControllerTest" time="0.002"/>
  <testcase name="testTakingBookWhichIsNotInLibrary()" classname="goodman.controllers.UserControllerTest" time="0.001"/>
  <testcase name="testFindBookEmptyLibrary()" classname="goodman.controllers.UserControllerTest" time="0.001"/>
  <testcase name="testCreateEmptyLibrary()" classname="goodman.controllers.UserControllerTest" time="0.001"/>
  <system-out><![CDATA[No books with such title
No books with such title
No books with such title
]]></system-out>
  <system-err><![CDATA[]]></system-err>
</testsuite>
